2018/11/15 12:04:26 Thread 0 created.
2018/11/15 12:04:27 Received request [Hello 0]
2018/11/15 12:04:28 Received request [Hello 1]
2018/11/15 12:04:29 Received request [Hello 2]
2018/11/15 12:04:30 Received request [Hello 3]
2018/11/15 12:04:31 Received request [Hello 4]
2018/11/15 12:04:32 Received request [Hello 5]
2018/11/15 12:04:33 Received request [Hello 6]
2018/11/15 12:04:34 Received request [Hello 7]
2018/11/15 14:59:09 Thread 0 created.
2018/11/15 14:59:09 Received request [Hello 0]
2018/11/15 14:59:10 Received request [Hello 1]
2018/11/15 14:59:11 Received request [Hello 2]
2018/11/15 14:59:12 Received request [Hello 3]
2018/11/15 14:59:13 Received request [Hello 4]
2018/11/15 14:59:14 Received request [Hello 5]
2018/11/15 14:59:15 Received request [Hello 6]
2018/11/15 15:13:09 Thread 0 created.
2018/11/15 15:13:09 Received request [Hello 0]
2018/11/15 15:13:10 Received request [Hello 1]
2018/11/15 15:13:11 Received request [Hello 2]
2018/11/15 15:13:45 Thread 0 created.
2018/11/15 15:13:45 Received request [Hello 0]
2018/11/15 15:13:46 Received request [Hello 1]
2018/11/15 15:13:47 Received request [Hello 2]
2018/11/15 15:13:48 Received request [Hello 3]
2018/11/15 15:13:49 Received request [Hello 4]
2018/11/15 15:13:50 Received request [Hello 5]
2018/11/15 15:45:15 Thread 0 created.
2018/11/15 15:45:15 Received request [Hello 0]
2018/11/15 15:45:16 Received request [Hello 1]
2018/11/15 15:45:17 Received request [Hello 2]
2018/11/15 15:45:18 Received request [Hello 3]
2018/11/15 15:45:19 Received request [Hello 4]
2018/11/15 15:45:20 Received request [Hello 5]
2018/11/15 15:45:21 Received request [Hello 6]
2018/11/15 15:45:22 Received request [Hello 7]
2018/11/15 15:45:23 Received request [Hello 8]
2018/11/15 15:45:24 Received request [Hello 9]
2018/11/15 15:49:02 Thread 0 created.
2018/11/15 15:49:02 Received request [Hello 0]
2018/11/15 15:49:03 Received request [Hello 1]
2018/11/15 15:49:04 Received request [Hello 2]
2018/11/15 15:49:54 Thread 0 created.
2018/11/15 15:50:31 Received request: [ %s ]
2018/11/15 15:50:31 Thread 0 created.
2018/11/15 15:50:32 Received request: [ %s ]
2018/11/15 15:50:33 Received request [Hello 2]
2018/11/15 15:50:34 Received request: [ %s ]
2018/11/15 15:50:35 Received request [Hello 4]
2018/11/15 15:50:36 Received request: [ %s ]
2018/11/15 15:50:37 Received request [Hello 6]
2018/11/15 15:50:38 Received request: [ %s ]
2018/11/15 15:50:39 Received request [Hello 8]
2018/11/15 15:50:40 Received request: [ %s ]
2018/11/15 15:51:25 Received request [Hello 0]
2018/11/15 15:51:25 Received request: [ %s ]
2018/11/15 15:51:26 Received request [Hello 1]
2018/11/15 15:51:26 Received request: [ %s ]
2018/11/15 15:51:27 Received request [Hello 2]
2018/11/15 15:51:27 Received request: [ %s ]
2018/11/15 15:51:28 Received request [Hello 3]
2018/11/15 15:51:28 Received request: [ %s ]
2018/11/15 15:51:29 Received request [Hello 4]
2018/11/15 15:51:29 Received request: [ %s ]
2018/11/15 15:51:30 Received request [Hello 5]
2018/11/15 15:51:30 Received request: [ %s ]
2018/11/15 15:51:31 Received request [Hello 6]
2018/11/15 15:51:31 Received request: [ %s ]
2018/11/15 15:51:32 Received request [Hello 7]
2018/11/15 15:51:32 Received request: [ %s ]
2018/11/15 15:51:33 Received request [Hello 8]
2018/11/15 15:51:33 Received request: [ %s ]
2018/11/15 15:51:34 Received request [Hello 9]
2018/11/15 15:51:34 Received request: [ %s ]
2018/11/15 15:51:46 Received request: Hello 0
2018/11/15 15:51:46 Thread 0 created.
2018/11/15 15:51:47 Received request: Hello 0
2018/11/15 15:51:47 Received request [Hello 1]
2018/11/15 15:51:48 Received request: Hello 1
2018/11/15 15:51:48 Received request [Hello 2]
2018/11/15 15:51:49 Received request: Hello 2
2018/11/15 15:51:49 Received request [Hello 3]
2018/11/15 15:51:50 Received request: Hello 3
2018/11/15 15:51:50 Received request [Hello 4]
2018/11/15 15:51:51 Received request: Hello 4
2018/11/15 15:51:51 Received request [Hello 5]
2018/11/15 15:51:52 Received request: Hello 5
2018/11/15 15:51:52 Received request [Hello 6]
2018/11/15 15:51:53 Received request: Hello 6
2018/11/15 15:51:53 Received request [Hello 7]
2018/11/15 15:51:54 Received request: Hello 7
2018/11/15 15:51:54 Received request [Hello 8]
2018/11/15 15:51:55 Received request: Hello 8
2018/11/15 15:51:55 Received request [Hello 9]
2018/11/15 15:51:56 Received request: Hello 9
2018/11/15 15:52:13 Received request: [Hello 0]
2018/11/15 15:52:13 Thread 0 created.
2018/11/15 15:52:14 Received request: [Hello 0]
2018/11/15 15:52:15 Received request: [Hello 1]
2018/11/15 15:52:15 Received request [Hello 1]
2018/11/15 15:52:16 Received request: [Hello 2]
2018/11/15 15:52:16 Received request [Hello 2]
2018/11/15 15:52:17 Received request [Hello 3]
2018/11/15 15:52:17 Received request: [Hello 3]
2018/11/15 15:52:18 Received request: [Hello 4]
2018/11/15 15:52:18 Received request [Hello 4]
2018/11/15 15:52:19 Received request: [Hello 5]
2018/11/15 15:52:19 Received request [Hello 5]
2018/11/15 15:52:20 Received request: [Hello 6]
2018/11/15 15:52:20 Received request [Hello 6]
2018/11/15 15:52:21 Received request: [Hello 7]
2018/11/15 15:52:21 Received request [Hello 7]
2018/11/15 15:52:22 Received request: [Hello 8]
2018/11/15 15:52:22 Received request [Hello 8]
2018/11/15 15:52:23 Received request: [Hello 9]
2018/11/15 15:52:23 Received request [Hello 9]
2018/11/15 16:16:54 Received request: [Hello 0]
2018/11/15 16:16:55 Received request [Hello 1]
2018/11/15 16:16:56 Received request: [Hello 2]
2018/11/15 16:16:57 Received request [Hello 3]
2018/11/15 16:16:58 Received request: [Hello 4]
2018/11/15 16:16:59 Received request [Hello 5]
2018/11/15 16:17:00 Received request: [Hello 6]
2018/11/15 16:17:01 Received request [Hello 7]
2018/11/15 16:17:02 Received request: [Hello 8]
2018/11/15 16:17:03 Received request [Hello 9]
2018/11/15 16:17:44 Received request: [Hello 0]
2018/11/15 16:17:45 Received request: [Hello 1]
2018/11/15 16:17:46 Received request: [Hello 2]
2018/11/15 16:17:47 Received request: [Hello 3]
2018/11/15 16:17:48 Received request: [Hello 4]
2018/11/15 16:17:49 Received request: [Hello 5]
2018/11/15 16:18:20 Thread 0 created.
2018/11/15 16:18:20 Received request [Hello 0]
2018/11/15 16:18:21 Received request [Hello 1]
2018/11/15 16:18:22 Received request [Hello 2]
2018/11/15 16:18:23 Received request [Hello 3]
2018/11/15 16:18:24 Received request [Hello 4]
2018/11/15 16:19:10 Thread 0 created.
2018/11/15 16:19:10 Received request [Hello 0]
2018/11/15 16:19:11 Received request [Hello 1]
2018/11/15 16:19:12 Received request [Hello 2]
2018/11/15 16:19:13 Received request [Hello 3]
2018/11/15 16:19:14 Received request [Hello 4]
2018/11/15 16:19:15 Received request [Hello 5]
2018/11/15 16:19:16 Received request [Hello 6]
2018/11/15 16:24:54 Thread 0 created.
2018/11/15 16:24:54 Received request [Hello 0]
2018/11/15 16:24:55 Received request [Hello 1]
2018/11/15 16:24:56 Received request [Hello 2]
2018/11/15 16:24:57 Received request [Hello 3]
2018/11/15 16:34:02 Thread 0 created.
2018/11/15 16:34:02 Received request [Hello 0]
2018/11/15 16:34:03 Received request [Hello 1]
2018/11/15 16:34:04 Received request [Hello 2]
2018/11/15 16:34:05 Received request [Hello 3]
2018/11/15 16:39:23 Thread 0 created.
2018/11/15 16:39:23 Received request [Hello 0]
2018/11/15 16:39:24 Received request [Hello 1]
2018/11/15 16:39:25 Received request [Hello 2]
2018/11/15 16:39:26 Received request [Hello 3]
2018/11/15 16:39:27 Received request [Hello 4]
2018/11/15 16:41:36 Thread 0 created.
2018/11/15 16:41:36 Received request [Hello 0]
2018/11/15 16:41:46 SENT request [Hello 0]
2018/11/15 16:41:46 SENT  2
2018/11/15 16:41:46 Received request [Hello 1]
2018/11/15 16:42:46 Thread 0 created.
2018/11/15 16:42:46 Received request [Hello 0]
2018/11/15 16:42:56 SENT request [Hello 0]
2018/11/15 16:42:56 SENT  2
2018/11/15 16:42:56 Received request [Hello 1]
2018/11/15 16:43:50 Thread 0 created.
2018/11/15 16:43:50 Received request [Hello 0]
2018/11/15 16:44:00 SENT request [Hello 0]
2018/11/15 16:44:00 SENT  2
2018/11/15 16:44:00 Received request [Hello 1]
2018/11/15 16:44:31 Thread 0 created.
2018/11/15 16:44:31 Received request [Hello 0]
2018/11/15 16:44:41 SENT request [Hello 0]
2018/11/15 16:44:41 SENT  2
2018/11/15 16:44:41 Received request [Hello 1]
2018/11/15 16:44:58 Thread 0 created.
2018/11/15 16:44:58 Received request [Hello 0]
2018/11/15 16:45:23 Thread 0 created.
2018/11/15 16:45:23 Received request [Hello 0]
2018/11/15 16:45:33 SENT  2
2018/11/15 16:45:33 SENT request [Hello 0]
2018/11/15 16:45:33 Received request [Hello 1]
2018/11/15 16:46:01 Thread 0 created.
2018/11/15 16:46:01 Received request [Hello 0]
2018/11/15 16:46:11 SENT request [Hello 0]
2018/11/15 16:46:11 SENT  2
2018/11/15 16:46:11 Received request [Hello 1]
2018/11/15 16:47:04 Received request: [Hello 0]
2018/11/15 16:47:05 Received request: [Hello 1]
2018/11/15 16:47:06 Received request: [Hello 2]
2018/11/15 16:47:07 Received request: [Hello 3]
2018/11/15 16:47:08 Received request: [Hello 4]
2018/11/15 16:47:09 Received request: [Hello 5]
2018/11/15 16:47:10 Received request: [Hello 6]
2018/11/15 16:47:11 Received request: [Hello 7]
2018/11/15 16:47:12 Received request: [Hello 8]
2018/11/15 16:47:13 Received request: [Hello 9]
2018/11/15 16:47:40 Received request: [Hello 0]
2018/11/15 16:47:50 Received request: [Hello 1]
2018/11/15 16:50:51 Received request: [Hello 0]
2018/11/15 16:51:01 Sent request: [Hello 0]
2018/11/15 16:51:01 Received request: [Hello 1]
2018/11/15 16:51:11 Sent request: [Hello 1]
2018/11/15 16:52:10 Thread 0 created.
2018/11/15 16:52:10 Received request [Hello 0]
2018/11/15 16:52:20 SENT request [Hello 0]
2018/11/15 16:52:20 SENT  2
2018/11/15 16:52:20 Received request [Hello 1]
2018/11/15 16:52:30 SENT request [Hello 1]
2018/11/15 16:52:30 SENT  2
2018/11/15 16:52:30 Received request [Hello 2]
2018/11/15 16:53:04 Thread 0 created.
2018/11/15 16:53:04 Received request [Hello 0]
2018/11/15 16:53:14 SENT request [Hello 0]
2018/11/15 16:53:14 SENT  2
2018/11/15 16:53:14 Received request [Hello 1]
2018/11/15 16:54:29 Received request: [Hello 0]
2018/11/15 16:54:39 Sent request: [Hello 0]
2018/11/15 16:54:39 Received request: [Hello 1]
